Performing C SOURCE FILE Test CMAKE_HAVE_LIBC_PTHREAD failed with the following output:
Change Dir: /home/sushranth/Downloads/Advanced_Computer_Graphics/physics_animation/FEM/build/CMakeFiles/CMakeTmp

Run Build Command(s):/usr/bin/make -f Makefile cmTC_87f5b/fast && /usr/bin/make  -f CMakeFiles/cmTC_87f5b.dir/build.make CMakeFiles/cmTC_87f5b.dir/build
make[1]: Entering directory '/home/sushranth/Downloads/Advanced_Computer_Graphics/physics_animation/FEM/build/CMakeFiles/CMakeTmp'
Building C object CMakeFiles/cmTC_87f5b.dir/src.c.o
/usr/bin/cc -DCMAKE_HAVE_LIBC_PTHREAD  -fPIC  -o CMakeFiles/cmTC_87f5b.dir/src.c.o -c /home/sushranth/Downloads/Advanced_Computer_Graphics/physics_animation/FEM/build/CMakeFiles/CMakeTmp/src.c
Linking C executable cmTC_87f5b
/usr/local/bin/cmake -E cmake_link_script CMakeFiles/cmTC_87f5b.dir/link.txt --verbose=1
/usr/bin/cc  -fPIC  -rdynamic CMakeFiles/cmTC_87f5b.dir/src.c.o -o cmTC_87f5b 
/usr/bin/ld: CMakeFiles/cmTC_87f5b.dir/src.c.o: in function `main':
src.c:(.text+0x46): undefined reference to `pthread_create'
/usr/bin/ld: src.c:(.text+0x52): undefined reference to `pthread_detach'
/usr/bin/ld: src.c:(.text+0x5e): undefined reference to `pthread_cancel'
/usr/bin/ld: src.c:(.text+0x6f): undefined reference to `pthread_join'
collect2: error: ld returned 1 exit status
make[1]: *** [CMakeFiles/cmTC_87f5b.dir/build.make:99: cmTC_87f5b] Error 1
make[1]: Leaving directory '/home/sushranth/Downloads/Advanced_Computer_Graphics/physics_animation/FEM/build/CMakeFiles/CMakeTmp'
make: *** [Makefile:127: cmTC_87f5b/fast] Error 2


Source file was:
#include <pthread.h>

static void* test_func(void* data)
{
  return data;
}

int main(void)
{
  pthread_t thread;
  pthread_create(&thread, NULL, test_func, NULL);
  pthread_detach(thread);
  pthread_cancel(thread);
  pthread_join(thread, NULL);
  pthread_atfork(NULL, NULL, NULL);
  pthread_exit(NULL);

  return 0;
}

Determining if the function pthread_create exists in the pthreads failed with the following output:
Change Dir: /home/sushranth/Downloads/Advanced_Computer_Graphics/physics_animation/FEM/build/CMakeFiles/CMakeTmp

Run Build Command(s):/usr/bin/make -f Makefile cmTC_12d9f/fast && /usr/bin/make  -f CMakeFiles/cmTC_12d9f.dir/build.make CMakeFiles/cmTC_12d9f.dir/build
make[1]: Entering directory '/home/sushranth/Downloads/Advanced_Computer_Graphics/physics_animation/FEM/build/CMakeFiles/CMakeTmp'
Building C object CMakeFiles/cmTC_12d9f.dir/CheckFunctionExists.c.o
/usr/bin/cc   -fPIC -DCHECK_FUNCTION_EXISTS=pthread_create -o CMakeFiles/cmTC_12d9f.dir/CheckFunctionExists.c.o -c /usr/local/share/cmake-3.21/Modules/CheckFunctionExists.c
Linking C executable cmTC_12d9f
/usr/local/bin/cmake -E cmake_link_script CMakeFiles/cmTC_12d9f.dir/link.txt --verbose=1
/usr/bin/cc  -fPIC -DCHECK_FUNCTION_EXISTS=pthread_create -rdynamic CMakeFiles/cmTC_12d9f.dir/CheckFunctionExists.c.o -o cmTC_12d9f  -lpthreads 
/usr/bin/ld: cannot find -lpthreads
collect2: error: ld returned 1 exit status
make[1]: *** [CMakeFiles/cmTC_12d9f.dir/build.make:99: cmTC_12d9f] Error 1
make[1]: Leaving directory '/home/sushranth/Downloads/Advanced_Computer_Graphics/physics_animation/FEM/build/CMakeFiles/CMakeTmp'
make: *** [Makefile:127: cmTC_12d9f/fast] Error 2



Performing C SOURCE FILE Test CMAKE_HAVE_LIBC_PTHREAD failed with the following output:
Change Dir: /home/sushranth/Downloads/Advanced_Computer_Graphics/physics_animation/FEM/build/CMakeFiles/CMakeTmp

Run Build Command(s):/usr/bin/make -f Makefile cmTC_afa9c/fast && /usr/bin/make  -f CMakeFiles/cmTC_afa9c.dir/build.make CMakeFiles/cmTC_afa9c.dir/build
make[1]: Entering directory '/home/sushranth/Downloads/Advanced_Computer_Graphics/physics_animation/FEM/build/CMakeFiles/CMakeTmp'
Building C object CMakeFiles/cmTC_afa9c.dir/src.c.o
/usr/bin/cc -DCMAKE_HAVE_LIBC_PTHREAD  -fPIC  -o CMakeFiles/cmTC_afa9c.dir/src.c.o -c /home/sushranth/Downloads/Advanced_Computer_Graphics/physics_animation/FEM/build/CMakeFiles/CMakeTmp/src.c
Linking C executable cmTC_afa9c
/usr/local/bin/cmake -E cmake_link_script CMakeFiles/cmTC_afa9c.dir/link.txt --verbose=1
/usr/bin/cc  -fPIC  -rdynamic CMakeFiles/cmTC_afa9c.dir/src.c.o -o cmTC_afa9c 
/usr/bin/ld: CMakeFiles/cmTC_afa9c.dir/src.c.o: in function `main':
src.c:(.text+0x46): undefined reference to `pthread_create'
/usr/bin/ld: src.c:(.text+0x52): undefined reference to `pthread_detach'
/usr/bin/ld: src.c:(.text+0x5e): undefined reference to `pthread_cancel'
/usr/bin/ld: src.c:(.text+0x6f): undefined reference to `pthread_join'
collect2: error: ld returned 1 exit status
make[1]: *** [CMakeFiles/cmTC_afa9c.dir/build.make:99: cmTC_afa9c] Error 1
make[1]: Leaving directory '/home/sushranth/Downloads/Advanced_Computer_Graphics/physics_animation/FEM/build/CMakeFiles/CMakeTmp'
make: *** [Makefile:127: cmTC_afa9c/fast] Error 2


Source file was:
#include <pthread.h>

static void* test_func(void* data)
{
  return data;
}

int main(void)
{
  pthread_t thread;
  pthread_create(&thread, NULL, test_func, NULL);
  pthread_detach(thread);
  pthread_cancel(thread);
  pthread_join(thread, NULL);
  pthread_atfork(NULL, NULL, NULL);
  pthread_exit(NULL);

  return 0;
}

Determining if the function pthread_create exists in the pthreads failed with the following output:
Change Dir: /home/sushranth/Downloads/Advanced_Computer_Graphics/physics_animation/FEM/build/CMakeFiles/CMakeTmp

Run Build Command(s):/usr/bin/make -f Makefile cmTC_25d82/fast && /usr/bin/make  -f CMakeFiles/cmTC_25d82.dir/build.make CMakeFiles/cmTC_25d82.dir/build
make[1]: Entering directory '/home/sushranth/Downloads/Advanced_Computer_Graphics/physics_animation/FEM/build/CMakeFiles/CMakeTmp'
Building C object CMakeFiles/cmTC_25d82.dir/CheckFunctionExists.c.o
/usr/bin/cc   -fPIC -DCHECK_FUNCTION_EXISTS=pthread_create -o CMakeFiles/cmTC_25d82.dir/CheckFunctionExists.c.o -c /usr/local/share/cmake-3.21/Modules/CheckFunctionExists.c
Linking C executable cmTC_25d82
/usr/local/bin/cmake -E cmake_link_script CMakeFiles/cmTC_25d82.dir/link.txt --verbose=1
/usr/bin/cc  -fPIC -DCHECK_FUNCTION_EXISTS=pthread_create -rdynamic CMakeFiles/cmTC_25d82.dir/CheckFunctionExists.c.o -o cmTC_25d82  -lpthreads 
/usr/bin/ld: cannot find -lpthreads
collect2: error: ld returned 1 exit status
make[1]: *** [CMakeFiles/cmTC_25d82.dir/build.make:99: cmTC_25d82] Error 1
make[1]: Leaving directory '/home/sushranth/Downloads/Advanced_Computer_Graphics/physics_animation/FEM/build/CMakeFiles/CMakeTmp'
make: *** [Makefile:127: cmTC_25d82/fast] Error 2



Performing C SOURCE FILE Test CMAKE_HAVE_LIBC_PTHREAD failed with the following output:
Change Dir: /home/sushranth/Downloads/Advanced_Computer_Graphics/physics_animation/FEM/build/CMakeFiles/CMakeTmp

Run Build Command(s):/usr/bin/make -f Makefile cmTC_68142/fast && /usr/bin/make  -f CMakeFiles/cmTC_68142.dir/build.make CMakeFiles/cmTC_68142.dir/build
make[1]: Entering directory '/home/sushranth/Downloads/Advanced_Computer_Graphics/physics_animation/FEM/build/CMakeFiles/CMakeTmp'
Building C object CMakeFiles/cmTC_68142.dir/src.c.o
/usr/bin/cc -DCMAKE_HAVE_LIBC_PTHREAD  -fPIC  -o CMakeFiles/cmTC_68142.dir/src.c.o -c /home/sushranth/Downloads/Advanced_Computer_Graphics/physics_animation/FEM/build/CMakeFiles/CMakeTmp/src.c
Linking C executable cmTC_68142
/usr/local/bin/cmake -E cmake_link_script CMakeFiles/cmTC_68142.dir/link.txt --verbose=1
/usr/bin/cc  -fPIC  -rdynamic CMakeFiles/cmTC_68142.dir/src.c.o -o cmTC_68142 
/usr/bin/ld: CMakeFiles/cmTC_68142.dir/src.c.o: in function `main':
src.c:(.text+0x46): undefined reference to `pthread_create'
/usr/bin/ld: src.c:(.text+0x52): undefined reference to `pthread_detach'
/usr/bin/ld: src.c:(.text+0x5e): undefined reference to `pthread_cancel'
/usr/bin/ld: src.c:(.text+0x6f): undefined reference to `pthread_join'
collect2: error: ld returned 1 exit status
make[1]: *** [CMakeFiles/cmTC_68142.dir/build.make:99: cmTC_68142] Error 1
make[1]: Leaving directory '/home/sushranth/Downloads/Advanced_Computer_Graphics/physics_animation/FEM/build/CMakeFiles/CMakeTmp'
make: *** [Makefile:127: cmTC_68142/fast] Error 2


Source file was:
#include <pthread.h>

static void* test_func(void* data)
{
  return data;
}

int main(void)
{
  pthread_t thread;
  pthread_create(&thread, NULL, test_func, NULL);
  pthread_detach(thread);
  pthread_cancel(thread);
  pthread_join(thread, NULL);
  pthread_atfork(NULL, NULL, NULL);
  pthread_exit(NULL);

  return 0;
}

Determining if the function pthread_create exists in the pthreads failed with the following output:
Change Dir: /home/sushranth/Downloads/Advanced_Computer_Graphics/physics_animation/FEM/build/CMakeFiles/CMakeTmp

Run Build Command(s):/usr/bin/make -f Makefile cmTC_c2eb9/fast && /usr/bin/make  -f CMakeFiles/cmTC_c2eb9.dir/build.make CMakeFiles/cmTC_c2eb9.dir/build
make[1]: Entering directory '/home/sushranth/Downloads/Advanced_Computer_Graphics/physics_animation/FEM/build/CMakeFiles/CMakeTmp'
Building C object CMakeFiles/cmTC_c2eb9.dir/CheckFunctionExists.c.o
/usr/bin/cc   -fPIC -DCHECK_FUNCTION_EXISTS=pthread_create -o CMakeFiles/cmTC_c2eb9.dir/CheckFunctionExists.c.o -c /usr/local/share/cmake-3.21/Modules/CheckFunctionExists.c
Linking C executable cmTC_c2eb9
/usr/local/bin/cmake -E cmake_link_script CMakeFiles/cmTC_c2eb9.dir/link.txt --verbose=1
/usr/bin/cc  -fPIC -DCHECK_FUNCTION_EXISTS=pthread_create -rdynamic CMakeFiles/cmTC_c2eb9.dir/CheckFunctionExists.c.o -o cmTC_c2eb9  -lpthreads 
/usr/bin/ld: cannot find -lpthreads
collect2: error: ld returned 1 exit status
make[1]: *** [CMakeFiles/cmTC_c2eb9.dir/build.make:99: cmTC_c2eb9] Error 1
make[1]: Leaving directory '/home/sushranth/Downloads/Advanced_Computer_Graphics/physics_animation/FEM/build/CMakeFiles/CMakeTmp'
make: *** [Makefile:127: cmTC_c2eb9/fast] Error 2



Performing C SOURCE FILE Test CMAKE_HAVE_LIBC_PTHREAD failed with the following output:
Change Dir: /home/sushranth/Downloads/Advanced_Computer_Graphics/physics_animation/FEM/build/CMakeFiles/CMakeTmp

Run Build Command(s):/usr/bin/make -f Makefile cmTC_30996/fast && /usr/bin/make  -f CMakeFiles/cmTC_30996.dir/build.make CMakeFiles/cmTC_30996.dir/build
make[1]: Entering directory '/home/sushranth/Downloads/Advanced_Computer_Graphics/physics_animation/FEM/build/CMakeFiles/CMakeTmp'
Building C object CMakeFiles/cmTC_30996.dir/src.c.o
/usr/bin/cc -DCMAKE_HAVE_LIBC_PTHREAD  -fPIC  -o CMakeFiles/cmTC_30996.dir/src.c.o -c /home/sushranth/Downloads/Advanced_Computer_Graphics/physics_animation/FEM/build/CMakeFiles/CMakeTmp/src.c
Linking C executable cmTC_30996
/usr/local/bin/cmake -E cmake_link_script CMakeFiles/cmTC_30996.dir/link.txt --verbose=1
/usr/bin/cc  -fPIC  -rdynamic CMakeFiles/cmTC_30996.dir/src.c.o -o cmTC_30996 
/usr/bin/ld: CMakeFiles/cmTC_30996.dir/src.c.o: in function `main':
src.c:(.text+0x46): undefined reference to `pthread_create'
/usr/bin/ld: src.c:(.text+0x52): undefined reference to `pthread_detach'
/usr/bin/ld: src.c:(.text+0x5e): undefined reference to `pthread_cancel'
/usr/bin/ld: src.c:(.text+0x6f): undefined reference to `pthread_join'
collect2: error: ld returned 1 exit status
make[1]: *** [CMakeFiles/cmTC_30996.dir/build.make:99: cmTC_30996] Error 1
make[1]: Leaving directory '/home/sushranth/Downloads/Advanced_Computer_Graphics/physics_animation/FEM/build/CMakeFiles/CMakeTmp'
make: *** [Makefile:127: cmTC_30996/fast] Error 2


Source file was:
#include <pthread.h>

static void* test_func(void* data)
{
  return data;
}

int main(void)
{
  pthread_t thread;
  pthread_create(&thread, NULL, test_func, NULL);
  pthread_detach(thread);
  pthread_cancel(thread);
  pthread_join(thread, NULL);
  pthread_atfork(NULL, NULL, NULL);
  pthread_exit(NULL);

  return 0;
}

Determining if the function pthread_create exists in the pthreads failed with the following output:
Change Dir: /home/sushranth/Downloads/Advanced_Computer_Graphics/physics_animation/FEM/build/CMakeFiles/CMakeTmp

Run Build Command(s):/usr/bin/make -f Makefile cmTC_c50bf/fast && /usr/bin/make  -f CMakeFiles/cmTC_c50bf.dir/build.make CMakeFiles/cmTC_c50bf.dir/build
make[1]: Entering directory '/home/sushranth/Downloads/Advanced_Computer_Graphics/physics_animation/FEM/build/CMakeFiles/CMakeTmp'
Building C object CMakeFiles/cmTC_c50bf.dir/CheckFunctionExists.c.o
/usr/bin/cc   -fPIC -DCHECK_FUNCTION_EXISTS=pthread_create -o CMakeFiles/cmTC_c50bf.dir/CheckFunctionExists.c.o -c /usr/local/share/cmake-3.21/Modules/CheckFunctionExists.c
Linking C executable cmTC_c50bf
/usr/local/bin/cmake -E cmake_link_script CMakeFiles/cmTC_c50bf.dir/link.txt --verbose=1
/usr/bin/cc  -fPIC -DCHECK_FUNCTION_EXISTS=pthread_create -rdynamic CMakeFiles/cmTC_c50bf.dir/CheckFunctionExists.c.o -o cmTC_c50bf  -lpthreads 
/usr/bin/ld: cannot find -lpthreads
collect2: error: ld returned 1 exit status
make[1]: *** [CMakeFiles/cmTC_c50bf.dir/build.make:99: cmTC_c50bf] Error 1
make[1]: Leaving directory '/home/sushranth/Downloads/Advanced_Computer_Graphics/physics_animation/FEM/build/CMakeFiles/CMakeTmp'
make: *** [Makefile:127: cmTC_c50bf/fast] Error 2



Performing C SOURCE FILE Test CMAKE_HAVE_LIBC_PTHREAD failed with the following output:
Change Dir: /home/sushranth/Downloads/Advanced_Computer_Graphics/physics_animation/FEM/build/CMakeFiles/CMakeTmp

Run Build Command(s):/usr/bin/make -f Makefile cmTC_ddedb/fast && /usr/bin/make  -f CMakeFiles/cmTC_ddedb.dir/build.make CMakeFiles/cmTC_ddedb.dir/build
make[1]: Entering directory '/home/sushranth/Downloads/Advanced_Computer_Graphics/physics_animation/FEM/build/CMakeFiles/CMakeTmp'
Building C object CMakeFiles/cmTC_ddedb.dir/src.c.o
/usr/bin/cc -DCMAKE_HAVE_LIBC_PTHREAD  -fPIC  -o CMakeFiles/cmTC_ddedb.dir/src.c.o -c /home/sushranth/Downloads/Advanced_Computer_Graphics/physics_animation/FEM/build/CMakeFiles/CMakeTmp/src.c
Linking C executable cmTC_ddedb
/usr/local/bin/cmake -E cmake_link_script CMakeFiles/cmTC_ddedb.dir/link.txt --verbose=1
/usr/bin/cc  -fPIC  -rdynamic CMakeFiles/cmTC_ddedb.dir/src.c.o -o cmTC_ddedb 
/usr/bin/ld: CMakeFiles/cmTC_ddedb.dir/src.c.o: in function `main':
src.c:(.text+0x46): undefined reference to `pthread_create'
/usr/bin/ld: src.c:(.text+0x52): undefined reference to `pthread_detach'
/usr/bin/ld: src.c:(.text+0x5e): undefined reference to `pthread_cancel'
/usr/bin/ld: src.c:(.text+0x6f): undefined reference to `pthread_join'
collect2: error: ld returned 1 exit status
make[1]: *** [CMakeFiles/cmTC_ddedb.dir/build.make:99: cmTC_ddedb] Error 1
make[1]: Leaving directory '/home/sushranth/Downloads/Advanced_Computer_Graphics/physics_animation/FEM/build/CMakeFiles/CMakeTmp'
make: *** [Makefile:127: cmTC_ddedb/fast] Error 2


Source file was:
#include <pthread.h>

static void* test_func(void* data)
{
  return data;
}

int main(void)
{
  pthread_t thread;
  pthread_create(&thread, NULL, test_func, NULL);
  pthread_detach(thread);
  pthread_cancel(thread);
  pthread_join(thread, NULL);
  pthread_atfork(NULL, NULL, NULL);
  pthread_exit(NULL);

  return 0;
}

Determining if the function pthread_create exists in the pthreads failed with the following output:
Change Dir: /home/sushranth/Downloads/Advanced_Computer_Graphics/physics_animation/FEM/build/CMakeFiles/CMakeTmp

Run Build Command(s):/usr/bin/make -f Makefile cmTC_e2e11/fast && /usr/bin/make  -f CMakeFiles/cmTC_e2e11.dir/build.make CMakeFiles/cmTC_e2e11.dir/build
make[1]: Entering directory '/home/sushranth/Downloads/Advanced_Computer_Graphics/physics_animation/FEM/build/CMakeFiles/CMakeTmp'
Building C object CMakeFiles/cmTC_e2e11.dir/CheckFunctionExists.c.o
/usr/bin/cc   -fPIC -DCHECK_FUNCTION_EXISTS=pthread_create -o CMakeFiles/cmTC_e2e11.dir/CheckFunctionExists.c.o -c /usr/local/share/cmake-3.21/Modules/CheckFunctionExists.c
Linking C executable cmTC_e2e11
/usr/local/bin/cmake -E cmake_link_script CMakeFiles/cmTC_e2e11.dir/link.txt --verbose=1
/usr/bin/cc  -fPIC -DCHECK_FUNCTION_EXISTS=pthread_create -rdynamic CMakeFiles/cmTC_e2e11.dir/CheckFunctionExists.c.o -o cmTC_e2e11  -lpthreads 
/usr/bin/ld: cannot find -lpthreads
collect2: error: ld returned 1 exit status
make[1]: *** [CMakeFiles/cmTC_e2e11.dir/build.make:99: cmTC_e2e11] Error 1
make[1]: Leaving directory '/home/sushranth/Downloads/Advanced_Computer_Graphics/physics_animation/FEM/build/CMakeFiles/CMakeTmp'
make: *** [Makefile:127: cmTC_e2e11/fast] Error 2



